This is pdfTeX, Version 3.141592653-2.6-1.40.23 (MiKTeX 21.8) (preloaded format=pdflatex 2021.8.11)  11 AUG 2021 11:19
entering extended mode
**e:/CherryGS/BaiduNetdiskWorkspace/ACM/others/2020/kinkywordsearch/problem_statement/problem.tex
(e:/CherryGS/BaiduNetdiskWorkspace/ACM/others/2020/kinkywordsearch/problem_statement/problem.tex
LaTeX2e <2021-06-01> patch level 1
L3 programming layer <2021-07-12> (D:\Program\Little\miktex\tex/latex/base\article.cls
Document Class: article 2021/02/12 v1.4n Standard LaTeX document class
(D:\Program\Little\miktex\tex/latex/base\size10.clo
File: size10.clo 2021/02/12 v1.4n Standard LaTeX file (size option)
)
\c@part=\count182
\c@section=\count183
\c@subsection=\count184
\c@subsubsection=\count185
\c@paragraph=\count186
\c@subparagraph=\count187
\c@figure=\count188
\c@table=\count189
\abovecaptionskip=\skip47
\belowcaptionskip=\skip48
\bibindent=\dimen138
) (D:\Program\Little\miktex\tex/latex/graphics\graphicx.sty
Package: graphicx 2020/12/05 v1.2c Enhanced LaTeX Graphics (DPC,SPQR)
 (D:\Program\Little\miktex\tex/latex/graphics\keyval.sty
Package: keyval 2014/10/28 v1.15 key=value parser (DPC)
\KV@toks@=\toks16
) (D:\Program\Little\miktex\tex/latex/graphics\graphics.sty
Package: graphics 2021/03/04 v1.4d Standard LaTeX Graphics (DPC,SPQR)
 (D:\Program\Little\miktex\tex/latex/graphics\trig.sty
Package: trig 2016/01/03 v1.10 sin cos tan (DPC)
) (D:\Program\Little\miktex\tex/latex/graphics-cfg\graphics.cfg
File: graphics.cfg 2016/06/04 v1.11 sample graphics configuration
)
Package graphics Info: Driver file: pdftex.def on input line 107.
 (D:\Program\Little\miktex\tex/latex/graphics-def\pdftex.def
File: pdftex.def 2020/10/05 v1.2a Graphics/color driver for pdftex
))
\Gin@req@height=\dimen139
\Gin@req@width=\dimen140
) (D:\Program\Little\miktex\tex/latex/l3backend\l3backend-pdftex.def
File: l3backend-pdftex.def 2021-08-04 L3 backend support: PDF output (pdfTeX)
\l__color_backend_stack_int=\count190
\l__pdf_internal_box=\box50
) (problem.aux)
\openout1 = `problem.aux'.

LaTeX Font Info:    Checking defaults for OML/cmm/m/it on input line 3.
LaTeX Font Info:    ... okay on input line 3.
LaTeX Font Info:    Checking defaults for OMS/cmsy/m/n on input line 3.
LaTeX Font Info:    ... okay on input line 3.
LaTeX Font Info:    Checking defaults for OT1/cmr/m/n on input line 3.
LaTeX Font Info:    ... okay on input line 3.
LaTeX Font Info:    Checking defaults for T1/cmr/m/n on input line 3.
LaTeX Font Info:    ... okay on input line 3.
LaTeX Font Info:    Checking defaults for TS1/cmr/m/n on input line 3.
LaTeX Font Info:    ... okay on input line 3.
LaTeX Font Info:    Checking defaults for OMX/cmex/m/n on input line 3.
LaTeX Font Info:    ... okay on input line 3.
LaTeX Font Info:    Checking defaults for U/cmr/m/n on input line 3.
LaTeX Font Info:    ... okay on input line 3.
 (D:\Program\Little\miktex\tex/context/base/mkii\supp-pdf.mkii
[Loading MPS to PDF converter (version 2006.09.02).]
\scratchcounter=\count191
\scratchdimen=\dimen141
\scratchbox=\box51
\nofMPsegments=\count192
\nofMParguments=\count193
\everyMPshowfont=\toks17
\MPscratchCnt=\count194
\MPscratchDim=\dimen142
\MPnumerator=\count195
\makeMPintoPDFobject=\count196
\everyMPtoPDFconversion=\toks18
) (D:\Program\Little\miktex\tex/latex/epstopdf-pkg\epstopdf-base.sty
Package: epstopdf-base 2020-01-24 v2.11 Base part for package epstopdf
Package epstopdf-base Info: Redefining graphics rule for `.eps' on input line 485.
 (D:\Program\Little\miktex\tex/latex/00miktex\epstopdf-sys.cfg
File: epstopdf-sys.cfg 2021/03/18 v2.0 Configuration of epstopdf for MiKTeX
))
<kinky1.png, id=1, 127.97812pt x 129.10735pt>
File: kinky1.png Graphic file (type png)
<use kinky1.png>
Package pdftex.def Info: kinky1.png  used on input line 8.
(pdftex.def)             Requested size: 86.25pt x 87.01169pt.
LaTeX Font Info:    External font `cmex10' loaded for size
(Font)              <7> on input line 14.
LaTeX Font Info:    External font `cmex10' loaded for size
(Font)              <5> on input line 14.
<kinky2.png, id=2, 127.60172pt x 129.10735pt>
File: kinky2.png Graphic file (type png)
<use kinky2.png>
Package pdftex.def Info: kinky2.png  used on input line 18.
(pdftex.def)             Requested size: 86.25pt x 87.27173pt.
 [1

{C:/Users/GSX/AppData/Local/MiKTeX/pdftex/config/pdftex.map} <./kinky1.png> <./kinky2.png>] [2] (problem.aux) ) 
Here is how much of TeX's memory you used:
 1214 strings out of 478868
 18808 string characters out of 2858235
 315077 words of memory out of 3000000
 19171 multiletter control sequences out of 15000+600000
 404549 words of font info for 31 fonts, out of 8000000 for 9000
 1141 hyphenation exceptions out of 8191
 57i,6n,66p,506b,226s stack positions out of 5000i,500n,10000p,200000b,80000s
<D:/Program/Little/miktex/fonts/type1/public/amsfonts/cm/cmbx12.pfb><D:/Program/Little/miktex/fonts/type1/public/amsfonts/cm/cmmi10.pfb><D:/Program/Little/miktex/fonts/type1/public/amsfonts/cm/cmr10.pfb><D:/Program/Little/miktex/fonts/type1/public/amsfonts/cm/cmsy10.pfb><D:/Program/Little/miktex/fonts/type1/public/amsfonts/cm/cmti10.pfb><D:/Program/Little/miktex/fonts/type1/public/amsfonts/cm/cmtt10.pfb>
Output written on problem.pdf (2 pages, 85465 bytes).
PDF statistics:
 41 PDF objects out of 1000 (max. 8388607)
 0 named destinations out of 1000 (max. 500000)
 11 words of extra memory for PDF output out of 10000 (max. 10000000)

